<?xml version="1.0" encoding="UTF-8"?>
<testng-results skipped="0" failed="0" ignored="0" total="4" passed="4">
  <reporter-output>
  </reporter-output>
  <suite name="Suite" duration-ms="69161" started-at="2019-12-12T17:11:23 IST" finished-at="2019-12-12T17:12:32 IST">
    <groups>
    </groups>
    <test name="Test" duration-ms="18199" started-at="2019-12-12T17:11:23 IST" finished-at="2019-12-12T17:11:41 IST">
      <class name="Academy.ValidateTitle">
        <test-method status="PASS" signature="basePageNavigation()[pri:0, instance:Academy.ValidateTitle@4135c3b]" name="basePageNavigation" duration-ms="14019" started-at="2019-12-12T17:11:23 IST" finished-at="2019-12-12T17:11:37 IST">
          <reporter-output>
          </reporter-output>
        </test-method> <!-- basePageNavigation -->
        <test-method status="PASS" signature="teardown()[pri:0, instance:Academy.ValidateTitle@4135c3b]" name="teardown" is-config="true" duration-ms="4137" started-at="2019-12-12T17:11:37 IST" finished-at="2019-12-12T17:11:41 IST">
          <reporter-output>
          </reporter-output>
        </test-method> <!-- teardown -->
      </class> <!-- Academy.ValidateTitle -->
    </test> <!-- Test -->
    <test name="Validating user login" duration-ms="30344" started-at="2019-12-12T17:11:41 IST" finished-at="2019-12-12T17:12:12 IST">
      <class name="Academy.HomePage">
        <test-method status="PASS" signature="initialize()[pri:0, instance:Academy.HomePage@33d512c1]" name="initialize" is-config="true" duration-ms="3402" started-at="2019-12-12T17:11:41 IST" finished-at="2019-12-12T17:11:45 IST">
          <reporter-output>
          </reporter-output>
        </test-method> <!-- initialize -->
        <test-method status="PASS" signature="basePageNavigation(java.lang.String, java.lang.String, java.lang.String)[pri:0, instance:Academy.HomePage@33d512c1]" name="basePageNavigation" duration-ms="17604" started-at="2019-12-12T17:11:45 IST" data-provider="getData" finished-at="2019-12-12T17:12:02 IST">
          <params>
            <param index="0">
              <value>
                <![CDATA[nonrestricteduser@qw.com]]>
              </value>
            </param>
            <param index="1">
              <value>
                <![CDATA[123456]]>
              </value>
            </param>
            <param index="2">
              <value>
                <![CDATA[Restricted user]]>
              </value>
            </param>
          </params>
          <reporter-output>
          </reporter-output>
        </test-method> <!-- basePageNavigation -->
        <test-method status="PASS" signature="basePageNavigation(java.lang.String, java.lang.String, java.lang.String)[pri:0, instance:Academy.HomePage@33d512c1]" name="basePageNavigation" duration-ms="9253" started-at="2019-12-12T17:12:02 IST" data-provider="getData" finished-at="2019-12-12T17:12:12 IST">
          <params>
            <param index="0">
              <value>
                <![CDATA[restricteduser@qw.com]]>
              </value>
            </param>
            <param index="1">
              <value>
                <![CDATA[123456]]>
              </value>
            </param>
            <param index="2">
              <value>
                <![CDATA[Non restricted user]]>
              </value>
            </param>
          </params>
          <reporter-output>
          </reporter-output>
        </test-method> <!-- basePageNavigation -->
        <test-method status="PASS" signature="teardown()[pri:0, instance:Academy.HomePage@33d512c1]" name="teardown" is-config="true" duration-ms="82" started-at="2019-12-12T17:12:12 IST" finished-at="2019-12-12T17:12:12 IST">
          <reporter-output>
          </reporter-output>
        </test-method> <!-- teardown -->
      </class> <!-- Academy.HomePage -->
    </test> <!-- Validating user login -->
    <test name="Validating navigation bar" duration-ms="20400" started-at="2019-12-12T17:12:12 IST" finished-at="2019-12-12T17:12:32 IST">
      <class name="Academy.ValidateNavigation">
        <test-method status="PASS" signature="initialize()[pri:0, instance:Academy.ValidateNavigation@618b19ad]" name="initialize" is-config="true" duration-ms="8997" started-at="2019-12-12T17:12:12 IST" finished-at="2019-12-12T17:12:21 IST">
          <reporter-output>
          </reporter-output>
        </test-method> <!-- initialize -->
        <test-method status="PASS" signature="basePageNavigation()[pri:0, instance:Academy.ValidateNavigation@618b19ad]" name="basePageNavigation" duration-ms="11182" started-at="2019-12-12T17:12:21 IST" finished-at="2019-12-12T17:12:32 IST">
          <reporter-output>
          </reporter-output>
        </test-method> <!-- basePageNavigation -->
        <test-method status="PASS" signature="teardown()[pri:0, instance:Academy.ValidateNavigation@618b19ad]" name="teardown" is-config="true" duration-ms="220" started-at="2019-12-12T17:12:32 IST" finished-at="2019-12-12T17:12:32 IST">
          <reporter-output>
          </reporter-output>
        </test-method> <!-- teardown -->
      </class> <!-- Academy.ValidateNavigation -->
    </test> <!-- Validating navigation bar -->
  </suite> <!-- Suite -->
</testng-results>
