-------------------------------------------------------------------------------
Test set: TestSuite
-------------------------------------------------------------------------------
Tests run: 4, Failures: 1, Errors: 0, Skipped: 0, Time elapsed: 68.017 s <<< FAILURE! - in TestSuite
basePageNavigation(Academy.ValidateTitle)  Time elapsed: 10.766 s  <<< FAILURE!
java.lang.AssertionError: expected [FEATURED COURSES12] but found [FEATURED COURSES]
	at Academy.ValidateTitle.basePageNavigation(ValidateTitle.java:34)

