<?xml version="1.0" encoding="UTF-8"?>
<testng-results skipped="0" failed="0" ignored="0" total="4" passed="4">
  <reporter-output>
  </reporter-output>
  <suite name="Suite" duration-ms="72539" started-at="2019-12-12T19:03:33 IST" finished-at="2019-12-12T19:04:46 IST">
    <groups>
    </groups>
    <test name="Test" duration-ms="17239" started-at="2019-12-12T19:03:33 IST" finished-at="2019-12-12T19:03:50 IST">
      <class name="Academy.ValidateTitle">
        <test-method status="PASS" signature="basePageNavigation()[pri:0, instance:Academy.ValidateTitle@23348b5d]" name="basePageNavigation" duration-ms="12978" started-at="2019-12-12T19:03:33 IST" finished-at="2019-12-12T19:03:46 IST">
          <reporter-output>
          </reporter-output>
        </test-method> <!-- basePageNavigation -->
        <test-method status="PASS" signature="teardown()[pri:0, instance:Academy.ValidateTitle@23348b5d]" name="teardown" is-config="true" duration-ms="4213" started-at="2019-12-12T19:03:46 IST" finished-at="2019-12-12T19:03:50 IST">
          <reporter-output>
          </reporter-output>
        </test-method> <!-- teardown -->
      </class> <!-- Academy.ValidateTitle -->
    </test> <!-- Test -->
    <test name="Validating user login" duration-ms="31173" started-at="2019-12-12T19:03:50 IST" finished-at="2019-12-12T19:04:22 IST">
      <class name="Academy.HomePage">
        <test-method status="PASS" signature="initialize()[pri:0, instance:Academy.HomePage@399c4be1]" name="initialize" is-config="true" duration-ms="3448" started-at="2019-12-12T19:03:50 IST" finished-at="2019-12-12T19:03:54 IST">
          <reporter-output>
          </reporter-output>
        </test-method> <!-- initialize -->
        <test-method status="PASS" signature="basePageNavigation(java.lang.String, java.lang.String, java.lang.String)[pri:0, instance:Academy.HomePage@399c4be1]" name="basePageNavigation" duration-ms="18741" started-at="2019-12-12T19:03:54 IST" data-provider="getData" finished-at="2019-12-12T19:04:13 IST">
          <params>
            <param index="0">
              <value>
                <![CDATA[nonrestricteduser@qw.com]]>
              </value>
            </param>
            <param index="1">
              <value>
                <![CDATA[123456]]>
              </value>
            </param>
            <param index="2">
              <value>
                <![CDATA[Restricted user]]>
              </value>
            </param>
          </params>
          <reporter-output>
          </reporter-output>
        </test-method> <!-- basePageNavigation -->
        <test-method status="PASS" signature="basePageNavigation(java.lang.String, java.lang.String, java.lang.String)[pri:0, instance:Academy.HomePage@399c4be1]" name="basePageNavigation" duration-ms="8847" started-at="2019-12-12T19:04:13 IST" data-provider="getData" finished-at="2019-12-12T19:04:22 IST">
          <params>
            <param index="0">
              <value>
                <![CDATA[restricteduser@qw.com]]>
              </value>
            </param>
            <param index="1">
              <value>
                <![CDATA[123456]]>
              </value>
            </param>
            <param index="2">
              <value>
                <![CDATA[Non restricted user]]>
              </value>
            </param>
          </params>
          <reporter-output>
          </reporter-output>
        </test-method> <!-- basePageNavigation -->
        <test-method status="PASS" signature="teardown()[pri:0, instance:Academy.HomePage@399c4be1]" name="teardown" is-config="true" duration-ms="97" started-at="2019-12-12T19:04:22 IST" finished-at="2019-12-12T19:04:22 IST">
          <reporter-output>
          </reporter-output>
        </test-method> <!-- teardown -->
      </class> <!-- Academy.HomePage -->
    </test> <!-- Validating user login -->
    <test name="Validating navigation bar" duration-ms="23927" started-at="2019-12-12T19:04:22 IST" finished-at="2019-12-12T19:04:46 IST">
      <class name="Academy.ValidateNavigation">
        <test-method status="PASS" signature="initialize()[pri:0, instance:Academy.ValidateNavigation@1f59a598]" name="initialize" is-config="true" duration-ms="11264" started-at="2019-12-12T19:04:22 IST" finished-at="2019-12-12T19:04:33 IST">
          <reporter-output>
          </reporter-output>
        </test-method> <!-- initialize -->
        <test-method status="PASS" signature="basePageNavigation()[pri:0, instance:Academy.ValidateNavigation@1f59a598]" name="basePageNavigation" duration-ms="12580" started-at="2019-12-12T19:04:33 IST" finished-at="2019-12-12T19:04:46 IST">
          <reporter-output>
          </reporter-output>
        </test-method> <!-- basePageNavigation -->
        <test-method status="PASS" signature="teardown()[pri:0, instance:Academy.ValidateNavigation@1f59a598]" name="teardown" is-config="true" duration-ms="82" started-at="2019-12-12T19:04:46 IST" finished-at="2019-12-12T19:04:46 IST">
          <reporter-output>
          </reporter-output>
        </test-method> <!-- teardown -->
      </class> <!-- Academy.ValidateNavigation -->
    </test> <!-- Validating navigation bar -->
  </suite> <!-- Suite -->
</testng-results>
